2024/11/28 23:45:40 Database schema created successfully
2024/11/28 23:45:42 Movies table populated successfully
2024/11/28 23:45:42 Total movies inserted: 388269
2024/11/28 23:45:42 Movies_genres table populated successfully
2024/11/28 23:45:42 Total movies_genres rows inserted: 395119
2024/11/28 23:45:43 Top 20 highest rated genres:
2024/11/28 23:45:43 Genre                Avg Rating Movie Count
2024/11/28 23:45:43 ----------------------------------------
2024/11/28 23:45:43 Action               9.90       2         
2024/11/28 23:45:43 Adult                9.90       1         
2024/11/28 23:45:43 Animation            9.90       3         
2024/11/28 23:45:43 Comedy               9.90       7         
2024/11/28 23:45:43 Documentary          9.90       4         
2024/11/28 23:45:43 Drama                9.90       10        
2024/11/28 23:45:43 Family               9.90       1         
2024/11/28 23:45:43 Horror               9.90       2         
2024/11/28 23:45:43 Music                9.90       1         
2024/11/28 23:45:43 Musical              9.90       2         
2024/11/28 23:45:43 Romance              9.90       1         
2024/11/28 23:45:43 Short                9.90       12        
2024/11/28 23:45:43 Thriller             9.90       2         
2024/11/28 23:45:43 War                  9.90       3         
2024/11/28 23:45:43 Action               9.80       4         
2024/11/28 23:45:43 Adult                9.80       1         
2024/11/28 23:45:43 Adventure            9.80       3         
2024/11/28 23:45:43 Animation            9.80       2         
2024/11/28 23:45:43 Comedy               9.80       16        
2024/11/28 23:45:43 Crime                9.80       2         
2024/11/28 23:45:43 Total rows processed: 20
2024/11/28 23:45:43 Top 20 genres with most movies:
2024/11/28 23:45:43 Genre                Movie Count
2024/11/28 23:45:43 ------------------------------
2024/11/28 23:45:43 Short                81013     
2024/11/28 23:45:43 Drama                72877     
2024/11/28 23:45:43 Comedy               56425     
2024/11/28 23:45:43 Documentary          41356     
2024/11/28 23:45:43 Animation            17652     
2024/11/28 23:45:43 Action               14436     
2024/11/28 23:45:43 Romance              13627     
2024/11/28 23:45:43 Crime                12492     
2024/11/28 23:45:43 Family               11093     
2024/11/28 23:45:43 Thriller             10524     
2024/11/28 23:45:43 Adventure            8748      
2024/11/28 23:45:43 Western              8357      
2024/11/28 23:45:43 Adult                7349      
2024/11/28 23:45:43 Horror               7041      
2024/11/28 23:45:43 Musical              6971      
2024/11/28 23:45:43 Music                5552      
2024/11/28 23:45:43 Fantasy              5081      
2024/11/28 23:45:43 Sci-Fi               4908      
2024/11/28 23:45:43 Mystery              4857      
2024/11/28 23:45:43 War                  4350      
2024/11/28 23:45:43 Total rows processed: 20
